<?xml version="1.0" encoding="UTF-8"?>
<!-- Generated by org.testng.reporters.JUnitXMLReporter -->
<testsuite ignored="0" hostname="Shiva-2604" failures="1" tests="2" name="Gkartgreen Test" time="111.208" errors="0" timestamp="2024-03-26T17:03:55 IST">
  <testcase classname="com.Testcases.TC_LoginTest_001" name="logintest" time="13.92"/>
  <testcase classname="com.Testcases.TC_AddNewCustomer_003" name="addnewcustomer" time="19.436">
    <failure type="org.openqa.selenium.UnhandledAlertException" message="Dismissed user prompt dialog: please fill all fields: 
Build info: version: &amp;apos;4.4.0&amp;apos;, revision: &amp;apos;e5c75ed026a&amp;apos;
System info: host: &amp;apos;SHIVA-2604&amp;apos;, ip: &amp;apos;192.168.29.112&amp;apos;, os.name: &amp;apos;Windows 10&amp;apos;, os.arch: &amp;apos;amd64&amp;apos;, os.version: &amp;apos;10.0&amp;apos;, java.version: &amp;apos;18.0.2.1&amp;apos;
Driver info: org.openqa.selenium.firefox.FirefoxDriver
Command: [f4080e4b-7cac-4a17-8554-f81683aba0d3, getPageSource {}]
Capabilities {acceptInsecureCerts: true, browserName: firefox, browserVersion: 124.0, moz:accessibilityChecks: false, moz:buildID: 20240311145044, moz:debuggerAddress: 127.0.0.1:52369, moz:geckodriverVersion: 0.31.0, moz:headless: false, moz:platformVersion: 10.0, moz:processID: 6496, moz:profile: C:\Users\shiva\AppData\Loca..., moz:shutdownTimeout: 60000, moz:webdriverClick: true, moz:windowless: false, pageLoadStrategy: normal, platformName: WINDOWS, proxy: Proxy(), se:cdp: ws://127.0.0.1:52369/devtoo..., se:cdpVersion: 85.0, setWindowRect: true, strictFileInteractability: false, timeouts: {implicit: 0, pageLoad: 300000, script: 30000}, unhandledPromptBehavior: dismiss and notify}
Session ID: f4080e4b-7cac-4a17-8554-f81683aba0d3">
      <![CDATA[org.openqa.selenium.UnhandledAlertException: Dismissed user prompt dialog: please fill all fields: 
Build info: version: '4.4.0', revision: 'e5c75ed026a'
System info: host: 'SHIVA-2604', ip: '192.168.29.112', os.name: 'Windows 10', os.arch: 'amd64', os.version: '10.0', java.version: '18.0.2.1'
Driver info: org.openqa.selenium.firefox.FirefoxDriver
Command: [f4080e4b-7cac-4a17-8554-f81683aba0d3, getPageSource {}]
Capabilities {acceptInsecureCerts: true, browserName: firefox, browserVersion: 124.0, moz:accessibilityChecks: false, moz:buildID: 20240311145044, moz:debuggerAddress: 127.0.0.1:52369, moz:geckodriverVersion: 0.31.0, moz:headless: false, moz:platformVersion: 10.0, moz:processID: 6496, moz:profile: C:\Users\shiva\AppData\Loca..., moz:shutdownTimeout: 60000, moz:webdriverClick: true, moz:windowless: false, pageLoadStrategy: normal, platformName: WINDOWS, proxy: Proxy(), se:cdp: ws://127.0.0.1:52369/devtoo..., se:cdpVersion: 85.0, setWindowRect: true, strictFileInteractability: false, timeouts: {implicit: 0, pageLoad: 300000, script: 30000}, unhandledPromptBehavior: dismiss and notify}
Session ID: f4080e4b-7cac-4a17-8554-f81683aba0d3
at org.openqa.selenium.remote.codec.w3c.W3CHttpResponseCodec.decode(W3CHttpResponseCodec.java:131)
at org.openqa.selenium.remote.codec.w3c.W3CHttpResponseCodec.decode(W3CHttpResponseCodec.java:53)
at org.openqa.selenium.remote.HttpCommandExecutor.execute(HttpCommandExecutor.java:184)
at org.openqa.selenium.remote.service.DriverCommandExecutor.invokeExecute(DriverCommandExecutor.java:167)
at org.openqa.selenium.remote.service.DriverCommandExecutor.execute(DriverCommandExecutor.java:142)
at org.openqa.selenium.remote.RemoteWebDriver.execute(RemoteWebDriver.java:547)
at org.openqa.selenium.remote.RemoteWebDriver.execute(RemoteWebDriver.java:602)
at org.openqa.selenium.remote.RemoteWebDriver.execute(RemoteWebDriver.java:606)
at org.openqa.selenium.remote.RemoteWebDriver.getPageSource(RemoteWebDriver.java:409)
at com.Testcases.TC_AddNewCustomer_003.addnewcustomer(TC_AddNewCustomer_003.java:43)
at java.base/java.util.ArrayList.forEach(ArrayList.java:1511)
... Removed 25 stack frames]]>
    </failure>
  </testcase> <!-- addnewcustomer -->
</testsuite> <!-- Gkartgreen Test -->
