<?xml version="1.0" encoding="UTF-8"?>
<testng-results ignored="0" total="2" passed="1" failed="1" skipped="0">
  <reporter-output>
  </reporter-output>
  <suite started-at="2024-03-26T17:02:04 IST" name="Suite" finished-at="2024-03-26T17:03:55 IST" duration-ms="111208">
    <groups>
    </groups>
    <test started-at="2024-03-26T17:02:04 IST" name="Gkartgreen Test" finished-at="2024-03-26T17:03:55 IST" duration-ms="111208">
      <class name="com.Testcases.TC_LoginTest_001">
        <test-method is-config="true" signature="Setup(java.lang.String)[pri:0, instance:com.Testcases.TC_LoginTest_001@26e356f0]" started-at="2024-03-26T17:02:06 IST" name="Setup" finished-at="2024-03-26T17:02:50 IST" duration-ms="43998" status="PASS">
          <params>
            <param index="0">
              <value>
                <![CDATA[firefox]]>
              </value>
            </param>
          </params>
          <reporter-output>
          </reporter-output>
        </test-method> <!-- Setup -->
        <test-method signature="logintest()[pri:0, instance:com.Testcases.TC_LoginTest_001@26e356f0]" started-at="2024-03-26T17:02:50 IST" name="logintest" finished-at="2024-03-26T17:03:04 IST" duration-ms="13920" status="PASS">
          <reporter-output>
          </reporter-output>
        </test-method> <!-- logintest -->
        <test-method is-config="true" signature="TearDown()[pri:0, instance:com.Testcases.TC_LoginTest_001@26e356f0]" started-at="2024-03-26T17:03:04 IST" name="TearDown" finished-at="2024-03-26T17:03:12 IST" duration-ms="7632" status="PASS">
          <reporter-output>
          </reporter-output>
        </test-method> <!-- TearDown -->
      </class> <!-- com.Testcases.TC_LoginTest_001 -->
      <class name="com.Testcases.TC_AddNewCustomer_003">
        <test-method is-config="true" signature="Setup(java.lang.String)[pri:0, instance:com.Testcases.TC_AddNewCustomer_003@4b0d79fc]" started-at="2024-03-26T17:03:12 IST" name="Setup" finished-at="2024-03-26T17:03:30 IST" duration-ms="18772" status="PASS">
          <params>
            <param index="0">
              <value>
                <![CDATA[firefox]]>
              </value>
            </param>
          </params>
          <reporter-output>
          </reporter-output>
        </test-method> <!-- Setup -->
        <test-method signature="addnewcustomer()[pri:0, instance:com.Testcases.TC_AddNewCustomer_003@4b0d79fc]" started-at="2024-03-26T17:03:30 IST" name="addnewcustomer" finished-at="2024-03-26T17:03:50 IST" duration-ms="19436" status="FAIL">
          <exception class="org.openqa.selenium.UnhandledAlertException">
            <message>
              <![CDATA[Dismissed user prompt dialog: please fill all fields: 
Build info: version: '4.4.0', revision: 'e5c75ed026a'
System info: host: 'SHIVA-2604', ip: '192.168.29.112', os.name: 'Windows 10', os.arch: 'amd64', os.version: '10.0', java.version: '18.0.2.1'
Driver info: org.openqa.selenium.firefox.FirefoxDriver
Command: [f4080e4b-7cac-4a17-8554-f81683aba0d3, getPageSource {}]
Capabilities {acceptInsecureCerts: true, browserName: firefox, browserVersion: 124.0, moz:accessibilityChecks: false, moz:buildID: 20240311145044, moz:debuggerAddress: 127.0.0.1:52369, moz:geckodriverVersion: 0.31.0, moz:headless: false, moz:platformVersion: 10.0, moz:processID: 6496, moz:profile: C:\Users\shiva\AppData\Loca..., moz:shutdownTimeout: 60000, moz:webdriverClick: true, moz:windowless: false, pageLoadStrategy: normal, platformName: WINDOWS, proxy: Proxy(), se:cdp: ws://127.0.0.1:52369/devtoo..., se:cdpVersion: 85.0, setWindowRect: true, strictFileInteractability: false, timeouts: {implicit: 0, pageLoad: 300000, script: 30000}, unhandledPromptBehavior: dismiss and notify}
Session ID: f4080e4b-7cac-4a17-8554-f81683aba0d3]]>
            </message>
            <full-stacktrace>
              <![CDATA[org.openqa.selenium.UnhandledAlertException: Dismissed user prompt dialog: please fill all fields: 
Build info: version: '4.4.0', revision: 'e5c75ed026a'
System info: host: 'SHIVA-2604', ip: '192.168.29.112', os.name: 'Windows 10', os.arch: 'amd64', os.version: '10.0', java.version: '18.0.2.1'
Driver info: org.openqa.selenium.firefox.FirefoxDriver
Command: [f4080e4b-7cac-4a17-8554-f81683aba0d3, getPageSource {}]
Capabilities {acceptInsecureCerts: true, browserName: firefox, browserVersion: 124.0, moz:accessibilityChecks: false, moz:buildID: 20240311145044, moz:debuggerAddress: 127.0.0.1:52369, moz:geckodriverVersion: 0.31.0, moz:headless: false, moz:platformVersion: 10.0, moz:processID: 6496, moz:profile: C:\Users\shiva\AppData\Loca..., moz:shutdownTimeout: 60000, moz:webdriverClick: true, moz:windowless: false, pageLoadStrategy: normal, platformName: WINDOWS, proxy: Proxy(), se:cdp: ws://127.0.0.1:52369/devtoo..., se:cdpVersion: 85.0, setWindowRect: true, strictFileInteractability: false, timeouts: {implicit: 0, pageLoad: 300000, script: 30000}, unhandledPromptBehavior: dismiss and notify}
Session ID: f4080e4b-7cac-4a17-8554-f81683aba0d3
at org.openqa.selenium.remote.codec.w3c.W3CHttpResponseCodec.decode(W3CHttpResponseCodec.java:131)
at org.openqa.selenium.remote.codec.w3c.W3CHttpResponseCodec.decode(W3CHttpResponseCodec.java:53)
at org.openqa.selenium.remote.HttpCommandExecutor.execute(HttpCommandExecutor.java:184)
at org.openqa.selenium.remote.service.DriverCommandExecutor.invokeExecute(DriverCommandExecutor.java:167)
at org.openqa.selenium.remote.service.DriverCommandExecutor.execute(DriverCommandExecutor.java:142)
at org.openqa.selenium.remote.RemoteWebDriver.execute(RemoteWebDriver.java:547)
at org.openqa.selenium.remote.RemoteWebDriver.execute(RemoteWebDriver.java:602)
at org.openqa.selenium.remote.RemoteWebDriver.execute(RemoteWebDriver.java:606)
at org.openqa.selenium.remote.RemoteWebDriver.getPageSource(RemoteWebDriver.java:409)
at com.Testcases.TC_AddNewCustomer_003.addnewcustomer(TC_AddNewCustomer_003.java:43)
at java.base/jdk.internal.reflect.DirectMethodHandleAccessor.invoke(DirectMethodHandleAccessor.java:104)
at java.base/java.lang.reflect.Method.invoke(Method.java:577)
at org.testng.internal.MethodInvocationHelper.invokeMethod(MethodInvocationHelper.java:133)
at org.testng.internal.TestInvoker.invokeMethod(TestInvoker.java:598)
at org.testng.internal.TestInvoker.invokeTestMethod(TestInvoker.java:173)
at org.testng.internal.MethodRunner.runInSequence(MethodRunner.java:46)
at org.testng.internal.TestInvoker$MethodInvocationAgent.invoke(TestInvoker.java:824)
at org.testng.internal.TestInvoker.invokeTestMethods(TestInvoker.java:146)
at org.testng.internal.TestMethodWorker.invokeTestMethods(TestMethodWorker.java:146)
at org.testng.internal.TestMethodWorker.run(TestMethodWorker.java:128)
at java.base/java.util.ArrayList.forEach(ArrayList.java:1511)
at org.testng.TestRunner.privateRun(TestRunner.java:794)
at org.testng.TestRunner.run(TestRunner.java:596)
at org.testng.SuiteRunner.runTest(SuiteRunner.java:377)
at org.testng.SuiteRunner.runSequentially(SuiteRunner.java:371)
at org.testng.SuiteRunner.privateRun(SuiteRunner.java:332)
at org.testng.SuiteRunner.run(SuiteRunner.java:276)
at org.testng.SuiteRunnerWorker.runSuite(SuiteRunnerWorker.java:53)
at org.testng.SuiteRunnerWorker.run(SuiteRunnerWorker.java:96)
at org.testng.TestNG.runSuitesSequentially(TestNG.java:1212)
at org.testng.TestNG.runSuitesLocally(TestNG.java:1134)
at org.testng.TestNG.runSuites(TestNG.java:1063)
at org.testng.TestNG.run(TestNG.java:1031)
at org.testng.remote.AbstractRemoteTestNG.run(AbstractRemoteTestNG.java:115)
at org.testng.remote.RemoteTestNG.initAndRun(RemoteTestNG.java:251)
at org.testng.remote.RemoteTestNG.main(RemoteTestNG.java:77)
]]>
            </full-stacktrace>
          </exception> <!-- org.openqa.selenium.UnhandledAlertException -->
          <reporter-output>
          </reporter-output>
        </test-method> <!-- addnewcustomer -->
        <test-method is-config="true" signature="TearDown()[pri:0, instance:com.Testcases.TC_AddNewCustomer_003@4b0d79fc]" started-at="2024-03-26T17:03:50 IST" name="TearDown" finished-at="2024-03-26T17:03:55 IST" duration-ms="5495" status="PASS">
          <reporter-output>
          </reporter-output>
        </test-method> <!-- TearDown -->
      </class> <!-- com.Testcases.TC_AddNewCustomer_003 -->
    </test> <!-- Gkartgreen Test -->
  </suite> <!-- Suite -->
</testng-results>
